This is pdfTeX, Version 3.1415926-2.3-1.40.12 (MiKTeX 2.9) (preloaded format=pdflatex 2012.2.19)  27 FEB 2012 20:07
entering extended mode
**V:/Homework/Masters/Thesis/thesis/sample/mythesis.tex
(V:/Homework/Masters/Thesis/thesis/sample/mythesis.tex
LaTeX2e <2011/06/27>
Babel <v3.8m> and hyphenation patterns for english, afrikaans, ancientgreek, ar
abic, armenian, assamese, basque, bengali, bokmal, bulgarian, catalan, coptic, 
croatian, czech, danish, dutch, esperanto, estonian, farsi, finnish, french, ga
lician, german, german-x-2009-06-19, greek, gujarati, hindi, hungarian, iceland
ic, indonesian, interlingua, irish, italian, kannada, kurmanji, lao, latin, lat
vian, lithuanian, malayalam, marathi, mongolian, mongolianlmc, monogreek, ngerm
an, ngerman-x-2009-06-19, nynorsk, oriya, panjabi, pinyin, polish, portuguese, 
romanian, russian, sanskrit, serbian, slovak, slovenian, spanish, swedish, swis
sgerman, tamil, telugu, turkish, turkmen, ukenglish, ukrainian, uppersorbian, u
senglishmax, welsh, loaded.
(V:\Homework\Masters\Thesis\thesis\sample\thesis.cls
Document Class: thesis 2010/04/30

--------------------------------------------------------------
 +---+ Thesis Style (thesis.cls) version 1.11, April 2010
 +---+ for University of Colorado Ph.D. theses/dissertations.
 * Conforms to the University of Colorado at Boulder Graduate
 * School "SPECIFICATIONS for Preparation of Master's Thesis
 * and Doctoral Dissertations" (rev. April 2010).
--------------------------------------------------------------
 URL: http://www.colorado.edu/its/docs/latex/ThesisClass

("C:\Program Files (x86)\MiKTeX 2.9\tex\latex\base\report.cls"
Document Class: report 2007/10/19 v1.4h Standard LaTeX document class
("C:\Program Files (x86)\MiKTeX 2.9\tex\latex\base\size11.clo"
File: size11.clo 2007/10/19 v1.4h Standard LaTeX file (size option)
)
\c@part=\count79
\c@chapter=\count80
\c@section=\count81
\c@subsection=\count82
\c@subsubsection=\count83
\c@paragraph=\count84
\c@subparagraph=\count85
\c@figure=\count86
\c@table=\count87
\abovecaptionskip=\skip41
\belowcaptionskip=\skip42
\bibindent=\dimen102
)
("C:\Program Files (x86)\MiKTeX 2.9\tex\latex\tools\indentfirst.sty"
Package: indentfirst 1995/11/23 v1.03 Indent first paragraph (DPC)
)
("C:\Program Files (x86)\MiKTeX 2.9\tex\latex\base\ifthen.sty"
Package: ifthen 2001/05/26 v1.1c Standard LaTeX ifthen package (DPC)
)
(C:\Users\Josh\AppData\Roaming\MiKTeX\2.9\tex\latex\ulem\ulem.sty
\UL@box=\box26
\UL@hyphenbox=\box27
\UL@skip=\skip43
\UL@hook=\toks14
\UL@height=\dimen103
\UL@pe=\count88
\UL@pixel=\dimen104
\ULC@box=\box28
Package: ulem 2011/03/18
\ULdepth=\dimen105
)
\c@th@SecNum=\count89
\c@th@SectionSave=\count90
\th@SubSubSecSpc=\skip44
\c@th@storepage=\count91
)
("C:\Program Files (x86)\MiKTeX 2.9\tex\latex\amsfonts\amssymb.sty"
Package: amssymb 2009/06/22 v3.00

("C:\Program Files (x86)\MiKTeX 2.9\tex\latex\amsfonts\amsfonts.sty"
Package: amsfonts 2009/06/22 v3.00 Basic AMSFonts support
\@emptytoks=\toks15
\symAMSa=\mathgroup4
\symAMSb=\mathgroup5
LaTeX Font Info:    Overwriting math alphabet `\mathfrak' in version `bold'
(Font)                  U/euf/m/n --> U/euf/b/n on input line 96.
))
("C:\Program Files (x86)\MiKTeX 2.9\tex\latex\graphics\graphicx.sty"
Package: graphicx 1999/02/16 v1.0f Enhanced LaTeX Graphics (DPC,SPQR)

("C:\Program Files (x86)\MiKTeX 2.9\tex\latex\graphics\keyval.sty"
Package: keyval 1999/03/16 v1.13 key=value parser (DPC)
\KV@toks@=\toks16
)
("C:\Program Files (x86)\MiKTeX 2.9\tex\latex\graphics\graphics.sty"
Package: graphics 2009/02/05 v1.0o Standard LaTeX Graphics (DPC,SPQR)

("C:\Program Files (x86)\MiKTeX 2.9\tex\latex\graphics\trig.sty"
Package: trig 1999/03/16 v1.09 sin cos tan (DPC)
)
("C:\Program Files (x86)\MiKTeX 2.9\tex\latex\00miktex\graphics.cfg"
File: graphics.cfg 2007/01/18 v1.5 graphics configuration of teTeX/TeXLive
)
Package graphics Info: Driver file: pdftex.def on input line 91.

("C:\Program Files (x86)\MiKTeX 2.9\tex\latex\pdftex-def\pdftex.def"
File: pdftex.def 2011/05/27 v0.06d Graphics/color for pdfTeX

("C:\Program Files (x86)\MiKTeX 2.9\tex\generic\oberdiek\infwarerr.sty"
Package: infwarerr 2010/04/08 v1.3 Providing info/warning/message (HO)
)
("C:\Program Files (x86)\MiKTeX 2.9\tex\generic\oberdiek\ltxcmds.sty"
Package: ltxcmds 2011/04/18 v1.20 LaTeX kernel commands for general use (HO)
)
\Gread@gobject=\count92
))
\Gin@req@height=\dimen106
\Gin@req@width=\dimen107
)
Putting page number on short ToC
Putting page number on short LoF
Putting page number on short LoT
(V:\Homework\Masters\Thesis\thesis\sample\mythesis.aux)
LaTeX Font Info:    Checking defaults for OML/cmm/m/it on input line 59.
LaTeX Font Info:    ... okay on input line 59.
LaTeX Font Info:    Checking defaults for T1/cmr/m/n on input line 59.
LaTeX Font Info:    ... okay on input line 59.
LaTeX Font Info:    Checking defaults for OT1/cmr/m/n on input line 59.
LaTeX Font Info:    ... okay on input line 59.
LaTeX Font Info:    Checking defaults for OMS/cmsy/m/n on input line 59.
LaTeX Font Info:    ... okay on input line 59.
LaTeX Font Info:    Checking defaults for OMX/cmex/m/n on input line 59.
LaTeX Font Info:    ... okay on input line 59.
LaTeX Font Info:    Checking defaults for U/cmr/m/n on input line 59.
LaTeX Font Info:    ... okay on input line 59.

(C:\Users\Josh\AppData\Roaming\MiKTeX\2.9\tex\context\base\supp-pdf.mkii
[Loading MPS to PDF converter (version 2006.09.02).]
\scratchcounter=\count93
\scratchdimen=\dimen108
\scratchbox=\box29
\nofMPsegments=\count94
\nofMParguments=\count95
\everyMPshowfont=\toks17
\MPscratchCnt=\count96
\MPscratchDim=\dimen109
\MPnumerator=\count97
\makeMPintoPDFobject=\count98
\everyMPtoPDFconversion=\toks18
)
Making Title Page
Making Approval Page
[1


{C:/Users/Josh/AppData/Local/MiKTeX/2.9/pdftex/config/pdftex.map}]
Making Abstract Page
[2

]
LaTeX Font Info:    Try loading font information for U+msa on input line 59.
 ("C:\Program Files (x86)\MiKTeX 2.9\tex\latex\amsfonts\umsa.fd"
File: umsa.fd 2009/06/22 v3.00 AMS symbols A
)
LaTeX Font Info:    Try loading font information for U+msb on input line 59.

("C:\Program Files (x86)\MiKTeX 2.9\tex\latex\amsfonts\umsb.fd"
File: umsb.fd 2009/06/22 v3.00 AMS symbols B
)
Making Dedication Page
[3

]
centered
Making Acknowledgement Page
[4


]
centered
Making ToC Page
Making Short ToC...
[5


]
centered
Short Chapter (page numbered)
(V:\Homework\Masters\Thesis\thesis\sample\mythesis.toc)
\tf@toc=\write3

Making LoT Page
Making Short LoT...
[6

]
centered
Short Chapter (page numbered)
(V:\Homework\Masters\Thesis\thesis\sample\mythesis.lot)
\tf@lot=\write4

Making LoF Page
Making Short LoF...
[7

]
centered
Short Chapter (page numbered)
(V:\Homework\Masters\Thesis\thesis\sample\mythesis.lof)
\tf@lof=\write5



-------------------Beginning Body----------------------


[8

] (V:\Homework\Masters\Thesis\thesis\sample\macros.tex
\c@th@theorem=\count99
)
(V:\Homework\Masters\Thesis\thesis\sample\chapter1.tex
 \th@ChapterStyle\th@DoChapCenterChapter \th@ChapterStyle 1.
centered

LaTeX Warning: File `figs/cyl.pdf' not found on input line 48.


! Package pdftex.def Error: File `figs/cyl.pdf' not found.

See the pdftex.def package documentation for explanation.
Type  H <return>  for immediate help.
 ...                                              
                                                  
l.48 	\includegraphics[width=100mm]{figs/cyl.pdf}
                                                 
Using draft setting for this image.
Try typing  <return>  to proceed.
If that doesn't work, type  X <return>  to quit.

LaTeX Font Info:    Try loading font information for OMS+cmr on input line 67.
("C:\Program Files (x86)\MiKTeX 2.9\tex\latex\base\omscmr.fd"
File: omscmr.fd 1999/05/25 v2.5h Standard LaTeX font definitions
)
LaTeX Font Info:    Font shape `OMS/cmr/m/n' in size <10.95> not available
(Font)              Font shape `OMS/cmsy/m/n' tried instead on input line 67.
 [1


] [2])
(V:\Homework\Masters\Thesis\thesis\sample\chapter2.tex [3] [4]
 \th@ChapterStyle\th@DoChapCenterChapter \th@ChapterStyle 2.
centered

LaTeX Warning: File `figs/pyr.pdf' not found on input line 64.


! Package pdftex.def Error: File `figs/pyr.pdf' not found.

See the pdftex.def package documentation for explanation.
Type  H <return>  for immediate help.
 ...                                              
                                                  
l.64 	\includegraphics[width=90mm]{figs/pyr.pdf}
                                                
Using draft setting for this image.
Try typing  <return>  to proceed.
If that doesn't work, type  X <return>  to quit.

[5

] [6]
Overfull \hbox (19.65895pt too wide) in paragraph at lines 81--84
[]\OT1/cmr/m/n/10.95 And now, here is an ex-am-ple of us-ing the macros []\OT1/
cmtt/m/n/10.95 \begin{singlespace} \OT1/cmr/m/n/10.95 and []\OT1/cmtt/m/n/10.95
 \end{singlespace}\OT1/cmr/m/n/10.95 ;
 []


LaTeX Warning: File `figs/tableD.pdf' not found on input line 113.


! Package pdftex.def Error: File `figs/tableD.pdf' not found.

See the pdftex.def package documentation for explanation.
Type  H <return>  for immediate help.
 ...                                              
                                                  
l.113 ...degraphics[width=5.45in]{figs/tableD.pdf}
                                                  
Using draft setting for this image.
Try typing  <return>  to proceed.
If that doesn't work, type  X <return>  to quit.

[7] [8] [9] [10]) (V:\Homework\Masters\Thesis\thesis\sample\mythesis.bbl
[11]
centered
) (V:\Homework\Masters\Thesis\thesis\sample\appendixA.tex [12

]
 \th@ChapterStyle\th@DoChapCenterAppendix \th@ChapterStyle A.
centered
[13

]) (V:\Homework\Masters\Thesis\thesis\sample\appendixB.tex [14]
 \th@ChapterStyle\th@DoChapCenterAppendix \th@ChapterStyle B.
centered
) [15

] (V:\Homework\Masters\Thesis\thesis\sample\mythesis.aux)

LaTeX Warning: Label(s) may have changed. Rerun to get cross-references right.

 ) 
Here is how much of TeX's memory you used:
 1945 strings out of 494045
 25822 string characters out of 3145972
 84179 words of memory out of 3000000
 5202 multiletter control sequences out of 15000+200000
 14971 words of font info for 57 fonts, out of 3000000 for 9000
 715 hyphenation exceptions out of 8191
 27i,13n,31p,689b,257s stack positions out of 5000i,500n,10000p,200000b,50000s
<C:/Program Files (x86)/MiKTeX 2.9/fonts/type1/public/amsfonts/cm/cmbx10.pfb>
<C:/Program Files (x86)/MiKTeX 2.9/fonts/type1/public/amsfonts/cm/cmbx12.pfb><C
:/Program Files (x86)/MiKTeX 2.9/fonts/type1/public/amsfonts/cm/cmex10.pfb><C:/
Program Files (x86)/MiKTeX 2.9/fonts/type1/public/amsfonts/cm/cmmi10.pfb><C:/Pr
ogram Files (x86)/MiKTeX 2.9/fonts/type1/public/amsfonts/cm/cmmi8.pfb><C:/Progr
am Files (x86)/MiKTeX 2.9/fonts/type1/public/amsfonts/cm/cmr10.pfb><C:/Program 
Files (x86)/MiKTeX 2.9/fonts/type1/public/amsfonts/cm/cmr6.pfb><C:/Program File
s (x86)/MiKTeX 2.9/fonts/type1/public/amsfonts/cm/cmr8.pfb><C:/Program Files (x
86)/MiKTeX 2.9/fonts/type1/public/amsfonts/cm/cmr9.pfb><C:/Program Files (x86)/
MiKTeX 2.9/fonts/type1/public/amsfonts/cm/cmsy10.pfb><C:/Program Files (x86)/Mi
KTeX 2.9/fonts/type1/public/amsfonts/cm/cmsy8.pfb><C:/Program Files (x86)/MiKTe
X 2.9/fonts/type1/public/amsfonts/cm/cmti10.pfb><C:/Program Files (x86)/MiKTeX 
2.9/fonts/type1/public/amsfonts/cm/cmtt10.pfb><C:/Program Files (x86)/MiKTeX 2.
9/fonts/type1/public/amsfonts/cm/cmtt12.pfb>
Output written on mythesis.pdf (23 pages, 197789 bytes).
PDF statistics:
 132 PDF objects out of 1000 (max. 8388607)
 0 named destinations out of 1000 (max. 500000)
 1 words of extra memory for PDF output out of 10000 (max. 10000000)

